Main: 
	BioSample File: bat1_total_subset_10_sliding_window_subset_1.fastq
	Size of K = 35
Import Viruses: 
	There are 18 viruses in this dataset
Quality Control: 
	# of cleaned reads: 150
	Average read length: 146.54
	Minimum read length: 103
	Maximum read length: 150
Time Stamp: Reads to Kmers finished in 0.013933181762695312
Time Stamp: DeBruijn Graph finished in 0.0023200511932373047
Create Contigs: 
	Number of start nodes: 72
	Number of end nodes: 91
	Average contig length: 236.6829044117647
	Minimum contig length: 40
	Maximum contig length: 437
	Total number of contigs: [1088]
Time Stamp: Create Contigs finished in 0.1137838363647461
Search For Viruses:

	0 contigs align with RmYN02 F Primer 3 
	Virus RmYN02 F Primer 3 split time: 0.013365983963012695
	Virus: RmYN02 F Primer 3 length: 19bp
	0 contigs align with RmYN02 R Primer 3 
	Virus RmYN02 R Primer 3 split time: 0.014096736907958984
	Virus: RmYN02 R Primer 3 length: 19bp
	0 contigs align with RmYN02 R Primer 5 
	Virus RmYN02 R Primer 5 split time: 0.013520956039428711
	Virus: RmYN02 R Primer 5 length: 20bp
	0 contigs align with RmYN02 R Primer 1 
	Virus RmYN02 R Primer 1 split time: 0.013395309448242188
	Virus: RmYN02 R Primer 1 length: 21bp
	0 contigs align with RmYN02 R Primer 4 
	Virus RmYN02 R Primer 4 split time: 0.013545989990234375
	Virus: RmYN02 R Primer 4 length: 22bp
	0 contigs align with RmYN02 F Primer 6 
	Virus RmYN02 F Primer 6 split time: 0.013736248016357422
	Virus: RmYN02 F Primer 6 length: 22bp
	0 contigs align with RmYN02 F Primer 7 
	Virus RmYN02 F Primer 7 split time: 0.013410091400146484
	Virus: RmYN02 F Primer 7 length: 22bp
	0 contigs align with RmYN02 R Primer 8 
	Virus RmYN02 R Primer 8 split time: 0.013576984405517578
	Virus: RmYN02 R Primer 8 length: 22bp
	0 contigs align with RmYN02 F Primer 1 
	Virus RmYN02 F Primer 1 split time: 0.013454198837280273
	Virus: RmYN02 F Primer 1 length: 23bp
	0 contigs align with RmYN02 F Primer 2 
	Virus RmYN02 F Primer 2 split time: 0.01348114013671875
	Virus: RmYN02 F Primer 2 length: 23bp
	0 contigs align with RmYN02 R Primer 2 
	Virus RmYN02 R Primer 2 split time: 0.013417959213256836
	Virus: RmYN02 R Primer 2 length: 23bp
	0 contigs align with RmYN02 F Primer 4 
	Virus RmYN02 F Primer 4 split time: 0.013427972793579102
	Virus: RmYN02 F Primer 4 length: 23bp
	0 contigs align with RmYN02 F Primer 5 
	Virus RmYN02 F Primer 5 split time: 0.013442039489746094
	Virus: RmYN02 F Primer 5 length: 23bp
	0 contigs align with RmYN02 R Primer 6 
	Virus RmYN02 R Primer 6 split time: 0.013425350189208984
	Virus: RmYN02 R Primer 6 length: 23bp
	0 contigs align with RmYN02 R Primer 7 
	Virus RmYN02 R Primer 7 split time: 0.013387918472290039
	Virus: RmYN02 R Primer 7 length: 23bp
	0 contigs align with RmYN02 F Primer 8 
	Virus RmYN02 F Primer 8 split time: 0.013399124145507812
	Virus: RmYN02 F Primer 8 length: 25bp
	0 contigs align with RmYN02 probe 
	Virus RmYN02 probe split time: 0.01330423355102539
	Virus: RmYN02 probe length: 28bp
	0 contigs align with Severe acute respiratory syndrome coronavirus 2 
	Virus Severe acute respiratory syndrome coronavirus 2 split time: 5870.834085226059
	Virus: Severe acute respiratory syndrome coronavirus 2 length: 29903bp
Time Stamp: Find Viruses finished in 5871.164509057999
Project execution time: 5871.53253698349
