Main: 
	BioSample File: synthetic
	Size of K = 5

Import Viruses: 
	There are 3 viruses in this dataset

Quality Control: 
	# of cleaned reads: 4
	Average read length: 9.5
	Minimum read length: 7
	Maximum read length: 13
Time Stamp: Reads to Kmers finished in 0.0001862049102783203
Time Stamp: DeBruijn Graph finished in 1.52587890625e-05

Create Contigs: 
	Number of start nodes: 4
	Number of end nodes: 4
	Average contig length: 9.5
	Minimum contig length: 7
	Maximum contig length: 13
	Total number of contigs: [4]
Time Stamp: Create Contigs finished in 0.0003552436828613281

Search For Viruses:

	Search String Logging


	Virus To Kmers: 0.00011515617370605469.
		*Note: This creates kmer pools for all viruses before creating the contigs for each individual virus.
	DEF virus:


	Create Contigs: 2.3126602172851562e-05
		3 contigs align with DEF virus 
		Virus DEF virus split time: 5.1975250244140625e-05
		Virus: DEF virus length: 6bp
	GHI virus:


	Create Contigs: 0.0007460117340087891
		4 contigs align with GHI virus 
		Virus GHI virus split time: 0.0007848739624023438
		Virus: GHI virus length: 74bp
	ABC virus:


	Create Contigs: 0.002214193344116211
		4 contigs align with ABC virus 
		Virus ABC virus split time: 0.0022552013397216797
		Virus: ABC virus length: 648bp
Time Stamp: Find Viruses finished in 0.013090848922729492
Project execution time: 0.15980911254882812
____________________________________________________________________
Main: 
	BioSample File: synthetic
	Size of K = 5

Import Viruses: 
	There are 3 viruses in this dataset

Quality Control: 
	# of cleaned reads: 4
	Average read length: 9.5
	Minimum read length: 7
	Maximum read length: 13
Time Stamp: Reads to Kmers finished in 0.0002357959747314453
Time Stamp: DeBruijn Graph finished in 1.0967254638671875e-05

Create Contigs: 
	Number of start nodes: 4
	Number of end nodes: 4
	Average contig length: 9.5
	Minimum contig length: 7
	Maximum contig length: 13
	Total number of contigs: [4]
Time Stamp: Create Contigs finished in 0.0004210472106933594

Search For Viruses:

	Search String Logging


	Virus To Kmers: 0.00011682510375976562.
		*Note: This creates kmer pools for all viruses before creating the contigs for each individual virus.
	DEF virus:


	Create Contigs: 2.4080276489257812e-05
		3 contigs align with DEF virus 
		Virus DEF virus split time: 5.412101745605469e-05
		Virus: DEF virus length: 6bp
	GHI virus:


	Create Contigs: 0.0008409023284912109
		4 contigs align with GHI virus 
		Virus GHI virus split time: 0.0008771419525146484
		Virus: GHI virus length: 74bp
	ABC virus:


	Create Contigs: 0.002214193344116211
		4 contigs align with ABC virus 
		Virus ABC virus split time: 0.0022499561309814453
		Virus: ABC virus length: 648bp
Time Stamp: Find Viruses finished in 0.014489889144897461
Project execution time: 0.1586909294128418
____________________________________________________________________
Main: 
	BioSample File: synthetic
	Size of K = 5

Import Viruses: 
	There are 3 viruses in this dataset

Quality Control: 
	# of cleaned reads: 4
	Average read length: 9.5
	Minimum read length: 7
	Maximum read length: 13
Time Stamp: Reads to Kmers finished in 0.00014495849609375
Time Stamp: DeBruijn Graph finished in 1.52587890625e-05

Create Contigs: 
	Number of start nodes: 4
	Number of end nodes: 4
	Average contig length: 9.5
	Minimum contig length: 7
	Maximum contig length: 13
	Total number of contigs: [4]
Time Stamp: Create Contigs finished in 0.0003361701965332031

Search For Viruses:

	Search String Logging


	Virus To Kmers: 0.00011014938354492188.
		*Note: This creates kmer pools for all viruses before creating the contigs for each individual virus.
	DEF virus:


	Create Contigs: 2.4080276489257812e-05
		3 contigs align with DEF virus 
		Virus DEF virus split time: 5.2928924560546875e-05
		Virus: DEF virus length: 6bp
	GHI virus:


	Create Contigs: 0.0007729530334472656
		4 contigs align with GHI virus 
		Virus GHI virus split time: 0.0008118152618408203
		Virus: GHI virus length: 74bp
	ABC virus:


	Create Contigs: 0.0021681785583496094
		4 contigs align with ABC virus 
		Virus ABC virus split time: 0.0022079944610595703
		Virus: ABC virus length: 648bp
Time Stamp: Find Viruses finished in 0.0134429931640625
Project execution time: 0.14283275604248047
____________________________________________________________________
Main: 
	BioSample File: synthetic
	Size of K = 5

Import Viruses: 
	There are 3 viruses in this dataset

Quality Control: 
	# of cleaned reads: 4
	Average read length: 9.5
	Minimum read length: 7
	Maximum read length: 13
Time Stamp: Reads to Kmers finished in 0.00017905235290527344
Time Stamp: DeBruijn Graph finished in 1.2159347534179688e-05

Create Contigs: 
	Number of start nodes: 4
	Number of end nodes: 4
	Average contig length: 9.5
	Minimum contig length: 7
	Maximum contig length: 13
	Total number of contigs: [4]
Time Stamp: Create Contigs finished in 0.0003311634063720703

Search For Viruses:

	Search String Logging


	Virus To Kmers: 0.00011014938354492188.
		*Note: This creates kmer pools for all viruses before creating the contigs for each individual virus.
	DEF virus:


	Create Contigs: 2.4080276489257812e-05
		3 contigs align with DEF virus 
		Virus DEF virus split time: 5.2928924560546875e-05
		Virus: DEF virus length: 6bp
	GHI virus:


	Create Contigs: 0.0007297992706298828
		4 contigs align with GHI virus 
		Virus GHI virus split time: 0.0007679462432861328
		Virus: GHI virus length: 74bp
	ABC virus:


	Create Contigs: 0.0021529197692871094
		4 contigs align with ABC virus 
		Virus ABC virus split time: 0.002199888229370117
		Virus: ABC virus length: 648bp
Time Stamp: Find Viruses finished in 0.013326883316040039
Project execution time: 0.14519906044006348
____________________________________________________________________
